<?xml version="1.0" encoding="UTF-8"?>
<!-- Generated by org.testng.reporters.JUnitReportReporter -->
<testsuite hostname="DESKTOP-5AMIFTG" failures="0" tests="2" name="test_runner.runner_testng" time="11.670" errors="0" timestamp="2024-02-07T21:39:53 EST" skipped="0">
  <testcase classname="test_runner.runner_testng" name="runScenario" time="6.751"/>
  <testcase classname="test_runner.runner_testng" name="runScenario" time="4.919"/>
</testsuite> <!-- test_runner.runner_testng -->
